
<<<<<<<<<<<<<<<<<<<START SIMULATION>>>>>>>>>>>>>>>>>>>

CLUSTER 1
sou o nodo 0 testei por último o nodo 1 no tempo  30.0 
[0] state:  [0]  [0]  [-1]  [-1] 

sou o nodo 1 testei por último o nodo 0 no tempo  30.0 
[1] state:  [0]  [0]  [-1]  [-1] 

sou o nodo 2 testei por último o nodo 3 no tempo  30.0 
[2] state:  [-1]  [-1]  [0]  [0] 

sou o nodo 3 testei por último o nodo 2 no tempo  30.0 
[3] state:  [-1]  [-1]  [0]  [0] 

CLUSTER 2
sou o nodo 0 testei por último o nodo 2 no tempo  30.0 
[0] state:  [0]  [0]  [0]  [0] 

sou o nodo 1 testei por último o nodo 3 no tempo  30.0 
[1] state:  [0]  [0]  [0]  [0] 

sou o nodo 2 testei por último o nodo 0 no tempo  30.0 
[2] state:  [0]  [0]  [0]  [0] 

sou o nodo 3 testei por último o nodo 1 no tempo  30.0 
[3] state:  [0]  [0]  [0]  [0] 

++++++++++++++++++++++++++++++++++++++++++++++++++++++
O nodo 0 falha no tempo  60.0 
++++++++++++++++++++++++++++++++++++++++++++++++++++++

++++++++++++++++++++++++++++++++++++++++++++++++++++++
O nodo 2 falha no tempo  60.0 
++++++++++++++++++++++++++++++++++++++++++++++++++++++

CLUSTER 1
sou o nodo 1 testei por último o nodo 0 no tempo  60.0 
[1] state:  [1]  [0]  [0]  [0] 

sou o nodo 3 testei por último o nodo 2 no tempo  60.0 
[3] state:  [0]  [0]  [1]  [0] 

CLUSTER 2
sou o nodo 1 testei por último o nodo 3 no tempo  60.0 
[1] state:  [1]  [0]  [1]  [0] 

sou o nodo 3 testei por último o nodo 1 no tempo  60.0 
[3] state:  [1]  [0]  [1]  [0] 

CLUSTER 1
sou o nodo 1 testei por último o nodo 0 no tempo  90.0 
[1] state:  [1]  [0]  [1]  [0] 

sou o nodo 3 testei por último o nodo 2 no tempo  90.0 
[3] state:  [1]  [0]  [1]  [0] 

CLUSTER 2
sou o nodo 1 testei por último o nodo 3 no tempo  90.0 
[1] state:  [1]  [0]  [1]  [0] 

sou o nodo 3 testei por último o nodo 1 no tempo  90.0 
[3] state:  [1]  [0]  [1]  [0] 

CLUSTER 1
sou o nodo 1 testei por último o nodo 0 no tempo 120.0 
[1] state:  [1]  [0]  [1]  [0] 

<<<<<<<<<<<<<<<<<<<FINISH SIMULATION>>>>>>>>>>>>>>>>>>>

