
<<<<<<<<<<<<<<<<<<<START SIMULATION>>>>>>>>>>>>>>>>>>>

CLUSTER 1
sou o nodo 0 testei por último o nodo 1 no tempo  30.0 
[0] state:  [0]  [0]  [-1]  [-1]  [-1]  [-1]  [-1]  [-1] 

sou o nodo 1 testei por último o nodo 0 no tempo  30.0 
[1] state:  [0]  [0]  [-1]  [-1]  [-1]  [-1]  [-1]  [-1] 

sou o nodo 2 testei por último o nodo 3 no tempo  30.0 
[2] state:  [-1]  [-1]  [0]  [0]  [-1]  [-1]  [-1]  [-1] 

sou o nodo 3 testei por último o nodo 2 no tempo  30.0 
[3] state:  [-1]  [-1]  [0]  [0]  [-1]  [-1]  [-1]  [-1] 

sou o nodo 4 testei por último o nodo 5 no tempo  30.0 
[4] state:  [-1]  [-1]  [-1]  [-1]  [0]  [0]  [-1]  [-1] 

sou o nodo 5 testei por último o nodo 4 no tempo  30.0 
[5] state:  [-1]  [-1]  [-1]  [-1]  [0]  [0]  [-1]  [-1] 

sou o nodo 6 testei por último o nodo 7 no tempo  30.0 
[6] state:  [-1]  [-1]  [-1]  [-1]  [-1]  [-1]  [0]  [0] 

sou o nodo 7 testei por último o nodo 6 no tempo  30.0 
[7] state:  [-1]  [-1]  [-1]  [-1]  [-1]  [-1]  [0]  [0] 

CLUSTER 2
sou o nodo 0 testei por último o nodo 2 no tempo  30.0 
[0] state:  [0]  [0]  [0]  [0]  [-1]  [-1]  [-1]  [-1] 

sou o nodo 1 testei por último o nodo 3 no tempo  30.0 
[1] state:  [0]  [0]  [0]  [0]  [-1]  [-1]  [-1]  [-1] 

sou o nodo 2 testei por último o nodo 0 no tempo  30.0 
[2] state:  [0]  [0]  [0]  [0]  [-1]  [-1]  [-1]  [-1] 

sou o nodo 3 testei por último o nodo 1 no tempo  30.0 
[3] state:  [0]  [0]  [0]  [0]  [-1]  [-1]  [-1]  [-1] 

sou o nodo 4 testei por último o nodo 6 no tempo  30.0 
[4] state:  [-1]  [-1]  [-1]  [-1]  [0]  [0]  [0]  [0] 

sou o nodo 5 testei por último o nodo 7 no tempo  30.0 
[5] state:  [-1]  [-1]  [-1]  [-1]  [0]  [0]  [0]  [0] 

sou o nodo 6 testei por último o nodo 4 no tempo  30.0 
[6] state:  [-1]  [-1]  [-1]  [-1]  [0]  [0]  [0]  [0] 

sou o nodo 7 testei por último o nodo 5 no tempo  30.0 
[7] state:  [-1]  [-1]  [-1]  [-1]  [0]  [0]  [0]  [0] 

CLUSTER 3
sou o nodo 0 testei por último o nodo 4 no tempo  30.0 
[0] state:  [0]  [0]  [0]  [0]  [0]  [0]  [0]  [0] 

sou o nodo 1 testei por último o nodo 5 no tempo  30.0 
[1] state:  [0]  [0]  [0]  [0]  [0]  [0]  [0]  [0] 

sou o nodo 2 testei por último o nodo 6 no tempo  30.0 
[2] state:  [0]  [0]  [0]  [0]  [0]  [0]  [0]  [0] 

sou o nodo 3 testei por último o nodo 7 no tempo  30.0 
[3] state:  [0]  [0]  [0]  [0]  [0]  [0]  [0]  [0] 

sou o nodo 4 testei por último o nodo 0 no tempo  30.0 
[4] state:  [0]  [0]  [0]  [0]  [0]  [0]  [0]  [0] 

sou o nodo 5 testei por último o nodo 1 no tempo  30.0 
[5] state:  [0]  [0]  [0]  [0]  [0]  [0]  [0]  [0] 

sou o nodo 6 testei por último o nodo 2 no tempo  30.0 
[6] state:  [0]  [0]  [0]  [0]  [0]  [0]  [0]  [0] 

sou o nodo 7 testei por último o nodo 3 no tempo  30.0 
[7] state:  [0]  [0]  [0]  [0]  [0]  [0]  [0]  [0] 

++++++++++++++++++++++++++++++++++++++++++++++++++++++
O nodo 0 falha no tempo  60.0 
++++++++++++++++++++++++++++++++++++++++++++++++++++++

++++++++++++++++++++++++++++++++++++++++++++++++++++++
O nodo 3 falha no tempo  60.0 
++++++++++++++++++++++++++++++++++++++++++++++++++++++

++++++++++++++++++++++++++++++++++++++++++++++++++++++
O nodo 4 falha no tempo  60.0 
++++++++++++++++++++++++++++++++++++++++++++++++++++++

++++++++++++++++++++++++++++++++++++++++++++++++++++++
O nodo 7 falha no tempo  60.0 
++++++++++++++++++++++++++++++++++++++++++++++++++++++

CLUSTER 1
sou o nodo 1 testei por último o nodo 0 no tempo  60.0 
[1] state:  [1]  [0]  [0]  [0]  [0]  [0]  [0]  [0] 

sou o nodo 2 testei por último o nodo 3 no tempo  60.0 
[2] state:  [0]  [0]  [0]  [1]  [0]  [0]  [0]  [0] 

sou o nodo 5 testei por último o nodo 4 no tempo  60.0 
[5] state:  [0]  [0]  [0]  [0]  [1]  [0]  [0]  [0] 

sou o nodo 6 testei por último o nodo 7 no tempo  60.0 
[6] state:  [0]  [0]  [0]  [0]  [0]  [0]  [0]  [1] 

CLUSTER 2
sou o nodo 1 testei por último o nodo 2 no tempo  60.0 
[1] state:  [1]  [0]  [0]  [1]  [0]  [0]  [0]  [0] 

sou o nodo 2 testei por último o nodo 1 no tempo  60.0 
[2] state:  [1]  [0]  [0]  [1]  [0]  [0]  [0]  [0] 

sou o nodo 5 testei por último o nodo 6 no tempo  60.0 
[5] state:  [0]  [0]  [0]  [0]  [1]  [0]  [0]  [1] 

sou o nodo 6 testei por último o nodo 5 no tempo  60.0 
[6] state:  [0]  [0]  [0]  [0]  [1]  [0]  [0]  [1] 

CLUSTER 3
sou o nodo 1 testei por último o nodo 5 no tempo  60.0 
[1] state:  [1]  [0]  [0]  [1]  [1]  [0]  [0]  [1] 

sou o nodo 2 testei por último o nodo 6 no tempo  60.0 
[2] state:  [1]  [0]  [0]  [1]  [1]  [0]  [0]  [1] 

sou o nodo 5 testei por último o nodo 1 no tempo  60.0 
[5] state:  [1]  [0]  [0]  [1]  [1]  [0]  [0]  [1] 

sou o nodo 6 testei por último o nodo 2 no tempo  60.0 
[6] state:  [1]  [0]  [0]  [1]  [1]  [0]  [0]  [1] 

CLUSTER 1
sou o nodo 1 testei por último o nodo 0 no tempo  90.0 
[1] state:  [1]  [0]  [0]  [1]  [1]  [0]  [0]  [1] 

sou o nodo 2 testei por último o nodo 3 no tempo  90.0 
[2] state:  [1]  [0]  [0]  [1]  [1]  [0]  [0]  [1] 

sou o nodo 5 testei por último o nodo 4 no tempo  90.0 
[5] state:  [1]  [0]  [0]  [1]  [1]  [0]  [0]  [1] 

sou o nodo 6 testei por último o nodo 7 no tempo  90.0 
[6] state:  [1]  [0]  [0]  [1]  [1]  [0]  [0]  [1] 

CLUSTER 2
sou o nodo 1 testei por último o nodo 2 no tempo  90.0 
[1] state:  [1]  [0]  [0]  [1]  [1]  [0]  [0]  [1] 

sou o nodo 2 testei por último o nodo 1 no tempo  90.0 
[2] state:  [1]  [0]  [0]  [1]  [1]  [0]  [0]  [1] 

sou o nodo 5 testei por último o nodo 6 no tempo  90.0 
[5] state:  [1]  [0]  [0]  [1]  [1]  [0]  [0]  [1] 

sou o nodo 6 testei por último o nodo 5 no tempo  90.0 
[6] state:  [1]  [0]  [0]  [1]  [1]  [0]  [0]  [1] 

CLUSTER 3
sou o nodo 1 testei por último o nodo 5 no tempo  90.0 
[1] state:  [1]  [0]  [0]  [1]  [1]  [0]  [0]  [1] 

sou o nodo 2 testei por último o nodo 6 no tempo  90.0 
[2] state:  [1]  [0]  [0]  [1]  [1]  [0]  [0]  [1] 

sou o nodo 5 testei por último o nodo 1 no tempo  90.0 
[5] state:  [1]  [0]  [0]  [1]  [1]  [0]  [0]  [1] 

sou o nodo 6 testei por último o nodo 2 no tempo  90.0 
[6] state:  [1]  [0]  [0]  [1]  [1]  [0]  [0]  [1] 

CLUSTER 1
sou o nodo 1 testei por último o nodo 0 no tempo 120.0 
[1] state:  [1]  [0]  [0]  [1]  [1]  [0]  [0]  [1] 

<<<<<<<<<<<<<<<<<<<FINISH SIMULATION>>>>>>>>>>>>>>>>>>>

