
<<<<<<<<<<<<<<<<<<<START SIMULATION>>>>>>>>>>>>>>>>>>>

++++++++++++++++++++++++++++++++++++++++++++++++++++++
O nodo 0 falha no tempo  10.0 
++++++++++++++++++++++++++++++++++++++++++++++++++++++

++++++++++++++++++++++++++++++++++++++++++++++++++++++
O nodo 2 falha no tempo  10.0 
++++++++++++++++++++++++++++++++++++++++++++++++++++++

CLUSTER 1
sou o nodo 1 no tempo  30.0 
testei os nodo(s):  0 
[1] state:  [1]  [0]  [-1]  [-1] 

sou o nodo 3 no tempo  30.0 
testei os nodo(s):  2 
[3] state:  [-1]  [-1]  [1]  [0] 

++++++++++++++++++++++++++++++++++++++++++++++++++++++
o nodo 0 reparou no tempo  30.0 
++++++++++++++++++++++++++++++++++++++++++++++++++++++

++++++++++++++++++++++++++++++++++++++++++++++++++++++
o nodo 2 reparou no tempo  30.0 
++++++++++++++++++++++++++++++++++++++++++++++++++++++

CLUSTER 2
sou o nodo 1 no tempo  30.0 
testei os nodo(s):  3 
[1] state:  [1]  [0]  [1]  [0] 

sou o nodo 3 no tempo  30.0 
testei os nodo(s):  1 
[3] state:  [1]  [0]  [1]  [0] 

CLUSTER 1
sou o nodo 0 no tempo  60.0 
testei os nodo(s):  1 
[0] state:  [0]  [0]  [1]  [0] 

sou o nodo 2 no tempo  60.0 
testei os nodo(s):  3 
[2] state:  [1]  [0]  [0]  [0] 

sou o nodo 1 no tempo  60.0 
testei os nodo(s):  0 
[1] state:  [0]  [0]  [1]  [0] 

sou o nodo 3 no tempo  60.0 
testei os nodo(s):  2 
[3] state:  [1]  [0]  [0]  [0] 

CLUSTER 2
sou o nodo 0 no tempo  60.0 
testei os nodo(s):  2 
[0] state:  [0]  [0]  [0]  [0] 

sou o nodo 2 no tempo  60.0 
testei os nodo(s):  0 
[2] state:  [0]  [0]  [0]  [0] 

sou o nodo 1 no tempo  60.0 
testei os nodo(s):  3 
[1] state:  [0]  [0]  [0]  [0] 

sou o nodo 3 no tempo  60.0 
testei os nodo(s):  1 
[3] state:  [0]  [0]  [0]  [0] 

latencia_maior = 4 latencia_testes 12

CLUSTER 1
sou o nodo 0 no tempo  90.0 
testei os nodo(s):  1 
[0] state:  [0]  [0]  [0]  [0] 

sou o nodo 2 no tempo  90.0 
testei os nodo(s):  3 
[2] state:  [0]  [0]  [0]  [0] 

sou o nodo 1 no tempo  90.0 
testei os nodo(s):  0 
[1] state:  [0]  [0]  [0]  [0] 

sou o nodo 3 no tempo  90.0 
testei os nodo(s):  2 
[3] state:  [0]  [0]  [0]  [0] 

CLUSTER 2
sou o nodo 0 no tempo  90.0 
testei os nodo(s):  2 
[0] state:  [0]  [0]  [0]  [0] 

sou o nodo 2 no tempo  90.0 
testei os nodo(s):  0 
[2] state:  [0]  [0]  [0]  [0] 

sou o nodo 1 no tempo  90.0 
testei os nodo(s):  3 
[1] state:  [0]  [0]  [0]  [0] 

sou o nodo 3 no tempo  90.0 
testei os nodo(s):  1 
[3] state:  [0]  [0]  [0]  [0] 

CLUSTER 1
sou o nodo 0 no tempo 120.0 
testei os nodo(s):  1 
[0] state:  [0]  [0]  [0]  [0] 

<<<<<<<<<<<<<<<<<<<FINISH SIMULATION>>>>>>>>>>>>>>>>>>>

<<<<<<<<<<<<<<INICIO LATENCIA E QTD TESTES>>>>>>>>>>>>>>

Considerando a sequencia de eventos de diagnosticos as
respectivas latencia e quantidade de testes foram:

latencia 4 qtd_testes 12

<<<<<<<<<<<<<<<FIM LATENCIA E QTD TESTES>>>>>>>>>>>>>>>

