
<<<<<<<<<<<<<<<<<<<START SIMULATION>>>>>>>>>>>>>>>>>>>

CLUSTER 1
sou o nodo 0 no tempo  30.0 
testei os nodo(s):  1 
[0] state:  [0]  [0]  [-1]  [-1]  [-1]  [-1]  [-1] 

sou o nodo 1 no tempo  30.0 
testei os nodo(s):  0 
[1] state:  [0]  [0]  [-1]  [-1]  [-1]  [-1]  [-1] 

sou o nodo 2 no tempo  30.0 
testei os nodo(s):  3 
[2] state:  [-1]  [-1]  [0]  [0]  [-1]  [-1]  [-1] 

sou o nodo 3 no tempo  30.0 
testei os nodo(s):  2 
[3] state:  [-1]  [-1]  [0]  [0]  [-1]  [-1]  [-1] 

sou o nodo 4 no tempo  30.0 
testei os nodo(s):  5 
[4] state:  [-1]  [-1]  [-1]  [-1]  [0]  [0]  [-1] 

sou o nodo 5 no tempo  30.0 
testei os nodo(s):  4 
[5] state:  [-1]  [-1]  [-1]  [-1]  [0]  [0]  [-1] 

sou o nodo 6 no tempo  30.0 
testei os nodo(s): 
[6] state:  [-1]  [-1]  [-1]  [-1]  [-1]  [-1]  [0] 

CLUSTER 2
sou o nodo 0 no tempo  30.0 
testei os nodo(s):  2 
[0] state:  [0]  [0]  [0]  [0]  [-1]  [-1]  [-1] 

sou o nodo 1 no tempo  30.0 
testei os nodo(s):  3 
[1] state:  [0]  [0]  [0]  [0]  [-1]  [-1]  [-1] 

sou o nodo 2 no tempo  30.0 
testei os nodo(s):  0 
[2] state:  [0]  [0]  [0]  [0]  [-1]  [-1]  [-1] 

sou o nodo 3 no tempo  30.0 
testei os nodo(s):  1 
[3] state:  [0]  [0]  [0]  [0]  [-1]  [-1]  [-1] 

sou o nodo 4 no tempo  30.0 
testei os nodo(s):  6 
[4] state:  [-1]  [-1]  [-1]  [-1]  [0]  [0]  [0] 

sou o nodo 5 no tempo  30.0 
testei os nodo(s):  6 
[5] state:  [-1]  [-1]  [-1]  [-1]  [0]  [0]  [0] 

sou o nodo 6 no tempo  30.0 
testei os nodo(s):  4 
[6] state:  [-1]  [-1]  [-1]  [-1]  [0]  [0]  [0] 

CLUSTER 3
sou o nodo 0 no tempo  30.0 
testei os nodo(s):  4 
[0] state:  [0]  [0]  [0]  [0]  [0]  [0]  [0] 

sou o nodo 1 no tempo  30.0 
testei os nodo(s):  5 
[1] state:  [0]  [0]  [0]  [0]  [0]  [0]  [0] 

sou o nodo 2 no tempo  30.0 
testei os nodo(s):  6 
[2] state:  [0]  [0]  [0]  [0]  [0]  [0]  [0] 

sou o nodo 3 no tempo  30.0 
testei os nodo(s):  6 
[3] state:  [0]  [0]  [0]  [0]  [0]  [0]  [0] 

sou o nodo 4 no tempo  30.0 
testei os nodo(s):  0 
[4] state:  [0]  [0]  [0]  [0]  [0]  [0]  [0] 

sou o nodo 5 no tempo  30.0 
testei os nodo(s):  1 
[5] state:  [0]  [0]  [0]  [0]  [0]  [0]  [0] 

sou o nodo 6 no tempo  30.0 
testei os nodo(s):  2 
[6] state:  [0]  [0]  [0]  [0]  [0]  [0]  [0] 

latencia_maior = 3 latencia_testes 20

++++++++++++++++++++++++++++++++++++++++++++++++++++++
O nodo 0 falha no tempo  60.0 
++++++++++++++++++++++++++++++++++++++++++++++++++++++

++++++++++++++++++++++++++++++++++++++++++++++++++++++
O nodo 3 falha no tempo  60.0 
++++++++++++++++++++++++++++++++++++++++++++++++++++++

++++++++++++++++++++++++++++++++++++++++++++++++++++++
O nodo 4 falha no tempo  60.0 
++++++++++++++++++++++++++++++++++++++++++++++++++++++

++++++++++++++++++++++++++++++++++++++++++++++++++++++
O nodo 6 falha no tempo  60.0 
++++++++++++++++++++++++++++++++++++++++++++++++++++++

CLUSTER 1
sou o nodo 1 no tempo  60.0 
testei os nodo(s):  0 
[1] state:  [1]  [0]  [0]  [0]  [0]  [0]  [0] 

sou o nodo 2 no tempo  60.0 
testei os nodo(s):  3 
[2] state:  [0]  [0]  [0]  [1]  [0]  [0]  [0] 

sou o nodo 5 no tempo  60.0 
testei os nodo(s):  4 
[5] state:  [0]  [0]  [0]  [0]  [1]  [0]  [0] 

CLUSTER 2
sou o nodo 1 no tempo  60.0 
testei os nodo(s):  2  3 
[1] state:  [1]  [0]  [0]  [1]  [0]  [0]  [0] 

sou o nodo 2 no tempo  60.0 
testei os nodo(s):  0  1 
[2] state:  [1]  [0]  [0]  [1]  [0]  [0]  [0] 

sou o nodo 5 no tempo  60.0 
testei os nodo(s):  6 
[5] state:  [0]  [0]  [0]  [0]  [1]  [0]  [1] 

CLUSTER 3
sou o nodo 1 no tempo  60.0 
testei os nodo(s):  5 
[1] state:  [1]  [0]  [0]  [1]  [1]  [0]  [1] 

sou o nodo 2 no tempo  60.0 
testei os nodo(s):  4  5  6 
[2] state:  [1]  [0]  [0]  [1]  [1]  [0]  [1] 

sou o nodo 5 no tempo  60.0 
testei os nodo(s):  1 
[5] state:  [1]  [0]  [0]  [1]  [1]  [0]  [1] 

latencia_maior = 3 latencia_testes 13

CLUSTER 1
sou o nodo 1 no tempo  90.0 
testei os nodo(s):  0 
[1] state:  [1]  [0]  [0]  [1]  [1]  [0]  [1] 

sou o nodo 2 no tempo  90.0 
testei os nodo(s):  3 
[2] state:  [1]  [0]  [0]  [1]  [1]  [0]  [1] 

sou o nodo 5 no tempo  90.0 
testei os nodo(s):  4 
[5] state:  [1]  [0]  [0]  [1]  [1]  [0]  [1] 

CLUSTER 2
sou o nodo 1 no tempo  90.0 
testei os nodo(s):  2  3 
[1] state:  [1]  [0]  [0]  [1]  [1]  [0]  [1] 

sou o nodo 2 no tempo  90.0 
testei os nodo(s):  0  1 
[2] state:  [1]  [0]  [0]  [1]  [1]  [0]  [1] 

sou o nodo 5 no tempo  90.0 
testei os nodo(s):  6 
[5] state:  [1]  [0]  [0]  [1]  [1]  [0]  [1] 

CLUSTER 3
sou o nodo 1 no tempo  90.0 
testei os nodo(s):  5 
[1] state:  [1]  [0]  [0]  [1]  [1]  [0]  [1] 

sou o nodo 2 no tempo  90.0 
testei os nodo(s):  4  5  6 
[2] state:  [1]  [0]  [0]  [1]  [1]  [0]  [1] 

sou o nodo 5 no tempo  90.0 
testei os nodo(s):  1 
[5] state:  [1]  [0]  [0]  [1]  [1]  [0]  [1] 

CLUSTER 1
sou o nodo 1 no tempo 120.0 
testei os nodo(s):  0 
[1] state:  [1]  [0]  [0]  [1]  [1]  [0]  [1] 

<<<<<<<<<<<<<<<<<<<FINISH SIMULATION>>>>>>>>>>>>>>>>>>>

<<<<<<<<<<<<<<INICIO LATENCIA E QTD TESTES>>>>>>>>>>>>>>

Considerando a sequencia de eventos de diagnosticos as
respectivas latencia e quantidade de testes foram:

latencia 3 qtd_testes 20
latencia 3 qtd_testes 13

<<<<<<<<<<<<<<<FIM LATENCIA E QTD TESTES>>>>>>>>>>>>>>>

